<?xml version="1.0" encoding="UTF-8"?>
<testng-results skipped="0" failed="0" ignored="0" total="1" passed="1">
  <reporter-output>
  </reporter-output>
  <suite name="Default suite" duration-ms="86" started-at="2018-01-30T10:09:43Z" finished-at="2018-01-30T10:09:43Z">
    <groups>
    </groups>
    <test name="Default test" duration-ms="86" started-at="2018-01-30T10:09:43Z" finished-at="2018-01-30T10:09:43Z">
      <class name="testt.NewTest">
        <test-method status="PASS" signature="yahoo()[pri:0, instance:testt.NewTest@2a5ca609]" name="yahoo" is-config="true" duration-ms="31" started-at="2018-01-30T15:39:43Z" finished-at="2018-01-30T15:39:43Z">
          <reporter-output>
          </reporter-output>
        </test-method> <!-- yahoo -->
        <test-method status="PASS" signature="google()[pri:0, instance:testt.NewTest@2a5ca609]" name="google" duration-ms="15" started-at="2018-01-30T15:39:43Z" finished-at="2018-01-30T15:39:43Z">
          <reporter-output>
          </reporter-output>
        </test-method> <!-- google -->
        <test-method status="PASS" signature="bing()[pri:0, instance:testt.NewTest@2a5ca609]" name="bing" is-config="true" duration-ms="0" started-at="2018-01-30T15:39:43Z" finished-at="2018-01-30T15:39:43Z">
          <reporter-output>
          </reporter-output>
        </test-method> <!-- bing -->
      </class> <!-- testt.NewTest -->
    </test> <!-- Default test -->
  </suite> <!-- Default suite -->
</testng-results>
